# JRE version: Java(TM) SE Runtime Environment (8.0_271-b09) (build 1.8.0_271-b09)
# Java VM: Java HotSpot(TM) Client VM (25.271-b09 mixed mode windows-x86 )
Heap:
 def new generation   total 4928K, used 4707K [0x04200000, 0x04750000, 0x09750000)
  eden space 4416K,  99% used [0x04200000, 0x046464c0, 0x04650000)
  from space 512K,  64% used [0x04650000, 0x046a2900, 0x046d0000)
  to   space 512K,   0% used [0x046d0000, 0x046d0000, 0x04750000)
 tenured generation   total 10944K, used 942K [0x09750000, 0x0a200000, 0x14200000)
   the space 10944K,   8% used [0x09750000, 0x0983b800, 0x0983b800, 0x0a200000)
 Metaspace       used 4413K, capacity 4472K, committed 4480K, reserved 4480K
GC Heap History (4 events):
Event: 2.999 GC heap before
{Heap before GC invocations=0 (full 0):
 def new generation   total 4928K, used 4416K [0x04200000, 0x04750000, 0x09750000)
  eden space 4416K, 100% used [0x04200000, 0x04650000, 0x04650000)
  from space 512K,   0% used [0x04650000, 0x04650000, 0x046d0000)
  to   space 512K,   0% used [0x046d0000, 0x046d0000, 0x04750000)
 tenured generation   total 10944K, used 0K [0x09750000, 0x0a200000, 0x14200000)
   the space 10944K,   0% used [0x09750000, 0x09750000, 0x09750200, 0x0a200000)
 Metaspace       used 3092K, capacity 3122K, committed 3136K, reserved 4480K
Event: 3.006 GC heap after
Heap after GC invocations=1 (full 0):
 def new generation   total 4928K, used 512K [0x04200000, 0x04750000, 0x09750000)
  eden space 4416K,   0% used [0x04200000, 0x04200000, 0x04650000)
  from space 512K, 100% used [0x046d0000, 0x04750000, 0x04750000)
  to   space 512K,   0% used [0x04650000, 0x04650000, 0x046d0000)
 tenured generation   total 10944K, used 445K [0x09750000, 0x0a200000, 0x14200000)
   the space 10944K,   4% used [0x09750000, 0x097bf548, 0x097bf600, 0x0a200000)
 Metaspace       used 3092K, capacity 3122K, committed 3136K, reserved 4480K
}
Event: 4.230 GC heap before
{Heap before GC invocations=1 (full 0):
 def new generation   total 4928K, used 4928K [0x04200000, 0x04750000, 0x09750000)
  eden space 4416K, 100% used [0x04200000, 0x04650000, 0x04650000)
  from space 512K, 100% used [0x046d0000, 0x04750000, 0x04750000)
  to   space 512K,   0% used [0x04650000, 0x04650000, 0x046d0000)
 tenured generation   total 10944K, used 445K [0x09750000, 0x0a200000, 0x14200000)
   the space 10944K,   4% used [0x09750000, 0x097bf548, 0x097bf600, 0x0a200000)
 Metaspace       used 3807K, capacity 3826K, committed 3904K, reserved 4480K
Event: 4.235 GC heap after
Heap after GC invocations=2 (full 0):
 def new generation   total 4928K, used 330K [0x04200000, 0x04750000, 0x09750000)
  eden space 4416K,   0% used [0x04200000, 0x04200000, 0x04650000)
  from space 512K,  64% used [0x04650000, 0x046a2900, 0x046d0000)
  to   space 512K,   0% used [0x046d0000, 0x046d0000, 0x04750000)
 tenured generation   total 10944K, used 942K [0x09750000, 0x0a200000, 0x14200000)
   the space 10944K,   8% used [0x09750000, 0x0983b800, 0x0983b800, 0x0a200000)
 Metaspace       used 3807K, capacity 3826K, committed 3904K, reserved 4480K
}

